# JRE version: OpenJDK Runtime Environment Temurin-11.0.18+10 (11.0.18+10) (build 11.0.18+10)
# Java VM: OpenJDK 64-Bit Server VM Temurin-11.0.18+10 (11.0.18+10, mixed mode, tiered, compressed oops, g1 gc, windows-amd64)
Heap:
 garbage-first heap   total 131072K, used 115815K [0x00000000e0000000, 0x0000000100000000)
  region size 1024K, 52 young (53248K), 6 survivors (6144K)
 Metaspace       used 42831K, capacity 44121K, committed 44316K, reserved 1087488K
  class space    used 4868K, capacity 5379K, committed 5504K, reserved 1048576K
GC Heap History (20 events):
Event: 6.181 GC heap after
{Heap after GC invocations=5 (full 0):
 garbage-first heap   total 131072K, used 18066K [0x00000000e0000000, 0x0000000100000000)
  region size 1024K, 2 young (2048K), 2 survivors (2048K)
 Metaspace       used 20908K, capacity 21208K, committed 21296K, reserved 1069056K
  class space    used 2028K, capacity 2149K, committed 2176K, reserved 1048576K
}
Event: 7.304 GC heap before
{Heap before GC invocations=6 (full 0):
 garbage-first heap   total 131072K, used 63122K [0x00000000e0000000, 0x0000000100000000)
  region size 1024K, 46 young (47104K), 2 survivors (2048K)
 Metaspace       used 22656K, capacity 23062K, committed 23168K, reserved 1071104K
  class space    used 2237K, capacity 2363K, committed 2432K, reserved 1048576K
}
Event: 7.315 GC heap after
{Heap after GC invocations=7 (full 0):
 garbage-first heap   total 131072K, used 20684K [0x00000000e0000000, 0x0000000100000000)
  region size 1024K, 4 young (4096K), 4 survivors (4096K)
 Metaspace       used 22656K, capacity 23062K, committed 23168K, reserved 1071104K
  class space    used 2237K, capacity 2363K, committed 2432K, reserved 1048576K
}
Event: 10.214 GC heap before
{Heap before GC invocations=7 (full 0):
 garbage-first heap   total 131072K, used 71884K [0x00000000e0000000, 0x0000000100000000)
  region size 1024K, 54 young (55296K), 4 survivors (4096K)
 Metaspace       used 26625K, capacity 27494K, committed 27776K, reserved 1073152K
  class space    used 2810K, capacity 3128K, committed 3200K, reserved 1048576K
}
Event: 10.246 GC heap after
{Heap after GC invocations=8 (full 0):
 garbage-first heap   total 131072K, used 24924K [0x00000000e0000000, 0x0000000100000000)
  region size 1024K, 7 young (7168K), 7 survivors (7168K)
 Metaspace       used 26625K, capacity 27494K, committed 27776K, reserved 1073152K
  class space    used 2810K, capacity 3128K, committed 3200K, reserved 1048576K
}
Event: 21.641 GC heap before
{Heap before GC invocations=8 (full 0):
 garbage-first heap   total 131072K, used 77148K [0x00000000e0000000, 0x0000000100000000)
  region size 1024K, 58 young (59392K), 7 survivors (7168K)
 Metaspace       used 30454K, capacity 31371K, committed 31488K, reserved 1077248K
  class space    used 3231K, capacity 3567K, committed 3584K, reserved 1048576K
}
Event: 21.667 GC heap after
{Heap after GC invocations=9 (full 0):
 garbage-first heap   total 131072K, used 31191K [0x00000000e0000000, 0x0000000100000000)
  region size 1024K, 7 young (7168K), 7 survivors (7168K)
 Metaspace       used 30454K, capacity 31371K, committed 31488K, reserved 1077248K
  class space    used 3231K, capacity 3567K, committed 3584K, reserved 1048576K
}
Event: 24.395 GC heap before
{Heap before GC invocations=9 (full 0):
 garbage-first heap   total 131072K, used 82391K [0x00000000e0000000, 0x0000000100000000)
  region size 1024K, 57 young (58368K), 7 survivors (7168K)
 Metaspace       used 32247K, capacity 33146K, committed 33280K, reserved 1079296K
  class space    used 3447K, capacity 3820K, committed 3840K, reserved 1048576K
}
Event: 24.422 GC heap after
{Heap after GC invocations=10 (full 0):
 garbage-first heap   total 131072K, used 36686K [0x00000000e0000000, 0x0000000100000000)
  region size 1024K, 6 young (6144K), 6 survivors (6144K)
 Metaspace       used 32247K, capacity 33146K, committed 33280K, reserved 1079296K
  class space    used 3447K, capacity 3820K, committed 3840K, reserved 1048576K
}
Event: 30.204 GC heap before
{Heap before GC invocations=10 (full 0):
 garbage-first heap   total 131072K, used 87886K [0x00000000e0000000, 0x0000000100000000)
  region size 1024K, 56 young (57344K), 6 survivors (6144K)
 Metaspace       used 34015K, capacity 34923K, committed 35072K, reserved 1081344K
  class space    used 3660K, capacity 4029K, committed 4096K, reserved 1048576K
}
Event: 30.222 GC heap after
{Heap after GC invocations=11 (full 0):
 garbage-first heap   total 131072K, used 41591K [0x00000000e0000000, 0x0000000100000000)
  region size 1024K, 5 young (5120K), 5 survivors (5120K)
 Metaspace       used 34015K, capacity 34923K, committed 35072K, reserved 1081344K
  class space    used 3660K, capacity 4029K, committed 4096K, reserved 1048576K
}
Event: 36.175 GC heap before
{Heap before GC invocations=11 (full 0):
 garbage-first heap   total 131072K, used 47735K [0x00000000e0000000, 0x0000000100000000)
  region size 1024K, 12 young (12288K), 5 survivors (5120K)
 Metaspace       used 34891K, capacity 35883K, committed 35968K, reserved 1081344K
  class space    used 3752K, capacity 4157K, committed 4224K, reserved 1048576K
}
Event: 36.185 GC heap after
{Heap after GC invocations=12 (full 0):
 garbage-first heap   total 131072K, used 41971K [0x00000000e0000000, 0x0000000100000000)
  region size 1024K, 1 young (1024K), 1 survivors (1024K)
 Metaspace       used 34891K, capacity 35883K, committed 35968K, reserved 1081344K
  class space    used 3752K, capacity 4157K, committed 4224K, reserved 1048576K
}
Event: 36.975 GC heap before
{Heap before GC invocations=13 (full 0):
 garbage-first heap   total 131072K, used 91123K [0x00000000e0000000, 0x0000000100000000)
  region size 1024K, 49 young (50176K), 1 survivors (1024K)
 Metaspace       used 36786K, capacity 37785K, committed 37916K, reserved 1083392K
  class space    used 4004K, capacity 4409K, committed 4480K, reserved 1048576K
}
Event: 36.988 GC heap after
{Heap after GC invocations=14 (full 0):
 garbage-first heap   total 131072K, used 45427K [0x00000000e0000000, 0x0000000100000000)
  region size 1024K, 5 young (5120K), 5 survivors (5120K)
 Metaspace       used 36786K, capacity 37785K, committed 37916K, reserved 1083392K
  class space    used 4004K, capacity 4409K, committed 4480K, reserved 1048576K
}
Event: 43.112 GC heap before
{Heap before GC invocations=14 (full 0):
 garbage-first heap   total 131072K, used 93555K [0x00000000e0000000, 0x0000000100000000)
  region size 1024K, 52 young (53248K), 5 survivors (5120K)
 Metaspace       used 39362K, capacity 40535K, committed 40732K, reserved 1085440K
  class space    used 4378K, capacity 4867K, committed 4992K, reserved 1048576K
}
Event: 43.132 GC heap after
{Heap after GC invocations=15 (full 0):
 garbage-first heap   total 131072K, used 48953K [0x00000000e0000000, 0x0000000100000000)
  region size 1024K, 4 young (4096K), 4 survivors (4096K)
 Metaspace       used 39362K, capacity 40535K, committed 40732K, reserved 1085440K
  class space    used 4378K, capacity 4867K, committed 4992K, reserved 1048576K
}
Event: 45.473 GC heap before
{Heap before GC invocations=15 (full 0):
 garbage-first heap   total 131072K, used 84793K [0x00000000e0000000, 0x0000000100000000)
  region size 1024K, 40 young (40960K), 4 survivors (4096K)
 Metaspace       used 40827K, capacity 42013K, committed 42140K, reserved 1087488K
  class space    used 4581K, capacity 5061K, committed 5120K, reserved 1048576K
}
Event: 45.482 GC heap after
{Heap after GC invocations=16 (full 0):
 garbage-first heap   total 131072K, used 51303K [0x00000000e0000000, 0x0000000100000000)
  region size 1024K, 6 young (6144K), 6 survivors (6144K)
 Metaspace       used 40827K, capacity 42013K, committed 42140K, reserved 1087488K
  class space    used 4581K, capacity 5061K, committed 5120K, reserved 1048576K
}
Event: 91.162 GC heap before
{Heap before GC invocations=17 (full 0):
 garbage-first heap   total 131072K, used 115815K [0x00000000e0000000, 0x0000000100000000)
  region size 1024K, 52 young (53248K), 6 survivors (6144K)
 Metaspace       used 42831K, capacity 44121K, committed 44316K, reserved 1087488K
  class space    used 4868K, capacity 5379K, committed 5504K, reserved 1048576K
}

